# Logfile created on Thu Jul 15 14:14:10 -0700 2010

Processing SessionsController#destroy (for 127.0.0.1 at 2010-07-15 14:14:12) [GET]
Redirected to http://www.example.com/
Completed in 12ms (DB: 0) | 302 Found [http://www.example.com/users/sign_out]


Processing BeersController#index (for 127.0.0.1 at 2010-07-15 14:14:12) [GET]
  [4;36;1mBeer Load (0.7ms)[0m   [0;1mSELECT * FROM "beers" [0m
Rendering template within layouts/beers
Rendering beers/index
Completed in 12ms (View: 6, DB: 1) | 200 OK [http://www.example.com/]


Processing SessionsController#destroy (for 127.0.0.1 at 2010-07-15 16:01:26) [GET]
Redirected to http://www.example.com/
Completed in 10ms (DB: 0) | 302 Found [http://www.example.com/users/sign_out]


Processing BeersController#index (for 127.0.0.1 at 2010-07-15 16:01:26) [GET]
  [4;36;1mBeer Load (0.7ms)[0m   [0;1mSELECT * FROM "beers" [0m
Rendering template within layouts/beers
Rendering beers/index
Completed in 13ms (View: 7, DB: 1) | 200 OK [http://www.example.com/]


Processing SessionsController#destroy (for 127.0.0.1 at 2010-07-15 16:01:54) [GET]
Redirected to http://www.example.com/
Completed in 10ms (DB: 0) | 302 Found [http://www.example.com/users/sign_out]


Processing BeersController#index (for 127.0.0.1 at 2010-07-15 16:01:54) [GET]
  [4;36;1mBeer Load (0.6ms)[0m   [0;1mSELECT * FROM "beers" [0m
Rendering template within layouts/beers
Rendering beers/index
Completed in 12ms (View: 5, DB: 1) | 200 OK [http://www.example.com/]
WARNING: Can't mass-assign these protected attributes: login
  [4;35;1mUser Load (0.2ms)[0m   [0mSELECT "users".id FROM "users" WHERE ("users"."email" = 'testing@man.net') LIMIT 1[0m
  [4;36;1mUser Create (0.7ms)[0m   [0;1mINSERT INTO "users" ("encrypted_password", "created_at", "confirmation_sent_at", "last_sign_in_ip", "updated_at", "last_sign_in_at", "sign_in_count", "password_salt", "reset_password_token", "remember_token", "current_sign_in_ip", "confirmation_token", "remember_created_at", "current_sign_in_at", "email", "confirmed_at") VALUES('58ae3bf03692579442b513e6b0642c06e4e8345e', '2010-07-15 23:01:54', NULL, NULL, '2010-07-15 23:01:54', NULL, 0, 'JSo7ANdTWOXJCd-M5Teh', NULL, NULL, NULL, NULL, NULL, NULL, 'testing@man.net', NULL)[0m


Processing SessionsController#destroy (for 127.0.0.1 at 2010-07-15 16:02:25) [GET]
Redirected to http://www.example.com/
Completed in 12ms (DB: 0) | 302 Found [http://www.example.com/users/sign_out]


Processing BeersController#index (for 127.0.0.1 at 2010-07-15 16:02:25) [GET]
  [4;36;1mBeer Load (0.7ms)[0m   [0;1mSELECT * FROM "beers" [0m
Rendering template within layouts/beers
Rendering beers/index
Completed in 13ms (View: 7, DB: 1) | 200 OK [http://www.example.com/]
WARNING: Can't mass-assign these protected attributes: login
  [4;35;1mUser Load (0.2ms)[0m   [0mSELECT "users".id FROM "users" WHERE ("users"."email" = 'testing@man.net') LIMIT 1[0m
  [4;36;1mUser Create (0.7ms)[0m   [0;1mINSERT INTO "users" ("encrypted_password", "created_at", "confirmation_sent_at", "last_sign_in_ip", "updated_at", "last_sign_in_at", "sign_in_count", "password_salt", "reset_password_token", "remember_token", "current_sign_in_ip", "confirmation_token", "remember_created_at", "current_sign_in_at", "email", "confirmed_at") VALUES('86718673d9054961607ee04d3a1fab53ad6b533a', '2010-07-15 23:02:25', NULL, NULL, '2010-07-15 23:02:25', NULL, 0, 'bJfRhr6emr26OE_lA6OG', NULL, NULL, NULL, NULL, NULL, NULL, 'testing@man.net', NULL)[0m


Processing SessionsController#destroy (for 127.0.0.1 at 2010-07-15 16:03:34) [GET]
Redirected to http://www.example.com/
Completed in 9ms (DB: 0) | 302 Found [http://www.example.com/users/sign_out]


Processing BeersController#index (for 127.0.0.1 at 2010-07-15 16:03:34) [GET]
  [4;36;1mBeer Load (0.6ms)[0m   [0;1mSELECT * FROM "beers" [0m
Rendering template within layouts/beers
Rendering beers/index
Completed in 12ms (View: 5, DB: 1) | 200 OK [http://www.example.com/]
WARNING: Can't mass-assign these protected attributes: login
  [4;35;1mUser Load (0.3ms)[0m   [0mSELECT "users".id FROM "users" WHERE ("users"."email" = 'testing@man.net') LIMIT 1[0m
  [4;36;1mUser Create (0.6ms)[0m   [0;1mINSERT INTO "users" ("encrypted_password", "created_at", "confirmation_sent_at", "last_sign_in_ip", "updated_at", "last_sign_in_at", "sign_in_count", "password_salt", "reset_password_token", "remember_token", "current_sign_in_ip", "confirmation_token", "remember_created_at", "current_sign_in_at", "email", "confirmed_at") VALUES('efa8f7aa84e8ee38d8f999c2a3a8e183f78a1bdc', '2010-07-15 23:03:35', NULL, NULL, '2010-07-15 23:03:35', NULL, 0, 'hWma9UTdQ3SgqiHRu7mH', NULL, NULL, NULL, NULL, NULL, NULL, 'testing@man.net', NULL)[0m


Processing SessionsController#new (for 127.0.0.1 at 2010-07-15 16:03:35) [GET]
Rendering sessions/new
Rendered shared/_devise_links (2.7ms)
Completed in 12ms (View: 11, DB: 1) | 200 OK [http://www.example.com/users/sign_in]


Processing SessionsController#create (for 127.0.0.1 at 2010-07-15 16:03:35) [POST]
  Parameters: {"commit"=>"Sign in", "user"=>{"remember_me"=>"0", "password"=>"secretpass", "email"=>"testing@man.net"}}
  [4;35;1mUser Load (0.7ms)[0m   [0mSELECT * FROM "users" WHERE ("users"."email" = 'testing@man.net') LIMIT 1[0m
  [4;36;1mUser Update (0.5ms)[0m   [0;1mUPDATE "users" SET "updated_at" = '2010-07-15 23:03:35', "sign_in_count" = 1, "current_sign_in_at" = '2010-07-15 23:03:35', "current_sign_in_ip" = '127.0.0.1', "last_sign_in_at" = '2010-07-15 23:03:35', "last_sign_in_ip" = '127.0.0.1' WHERE "id" = 1[0m
Redirected to http://www.example.com/
Completed in 18ms (DB: 1) | 302 Found [http://www.example.com/users/sign_in]


Processing BeersController#index (for 127.0.0.1 at 2010-07-15 16:03:35) [GET]
  [4;35;1mBeer Load (0.2ms)[0m   [0mSELECT * FROM "beers" [0m
Rendering template within layouts/beers
Rendering beers/index
Completed in 4ms (View: 2, DB: 0) | 200 OK [http://www.example.com/]


Processing SessionsController#destroy (for 127.0.0.1 at 2010-07-15 16:11:53) [GET]
Redirected to http://www.example.com/
Completed in 9ms (DB: 0) | 302 Found [http://www.example.com/users/sign_out]


Processing BeersController#index (for 127.0.0.1 at 2010-07-15 16:11:53) [GET]
  [4;36;1mBeer Load (0.7ms)[0m   [0;1mSELECT * FROM "beers" [0m
Rendering template within layouts/beers
Rendering beers/index
Completed in 12ms (View: 5, DB: 1) | 200 OK [http://www.example.com/]
WARNING: Can't mass-assign these protected attributes: login
  [4;35;1mUser Load (0.2ms)[0m   [0mSELECT "users".id FROM "users" WHERE ("users"."email" = 'testing@man.net') LIMIT 1[0m
  [4;36;1mUser Create (0.6ms)[0m   [0;1mINSERT INTO "users" ("encrypted_password", "created_at", "confirmation_sent_at", "last_sign_in_ip", "updated_at", "last_sign_in_at", "sign_in_count", "password_salt", "reset_password_token", "remember_token", "current_sign_in_ip", "confirmation_token", "remember_created_at", "current_sign_in_at", "email", "confirmed_at") VALUES('12f6a8aa6e542c13aeb167cf6ea3c1e056f040d5', '2010-07-15 23:11:53', '2010-07-15 23:11:53', NULL, '2010-07-15 23:11:53', NULL, 0, '1hqED7MptNOlcoe99M1Q', NULL, NULL, NULL, 'Gw0KLQtbK9bj8Q4zYATV', NULL, NULL, 'testing@man.net', NULL)[0m


Processing SessionsController#destroy (for 127.0.0.1 at 2010-07-15 16:13:15) [GET]
Redirected to http://www.example.com/
Completed in 10ms (DB: 0) | 302 Found [http://www.example.com/users/sign_out]


Processing BeersController#index (for 127.0.0.1 at 2010-07-15 16:13:15) [GET]
  [4;36;1mBeer Load (0.8ms)[0m   [0;1mSELECT * FROM "beers" [0m
Rendering template within layouts/beers
Rendering beers/index
Completed in 12ms (View: 6, DB: 1) | 200 OK [http://www.example.com/]
WARNING: Can't mass-assign these protected attributes: login
  [4;35;1mUser Load (0.2ms)[0m   [0mSELECT "users".id FROM "users" WHERE ("users"."email" = 'testing@man.net') LIMIT 1[0m
  [4;36;1mUser Create (0.6ms)[0m   [0;1mINSERT INTO "users" ("encrypted_password", "created_at", "confirmation_sent_at", "last_sign_in_ip", "updated_at", "last_sign_in_at", "sign_in_count", "password_salt", "reset_password_token", "remember_token", "current_sign_in_ip", "confirmation_token", "remember_created_at", "current_sign_in_at", "email", "confirmed_at") VALUES('000b15dcbbeff7a30a7a8bc25883ba1f814fc44f', '2010-07-15 23:13:15', NULL, NULL, '2010-07-15 23:13:15', NULL, 0, 'sebxilDMuwFdS2hLo8-l', NULL, NULL, NULL, NULL, NULL, NULL, 'testing@man.net', NULL)[0m


Processing SessionsController#new (for 127.0.0.1 at 2010-07-15 16:13:15) [GET]
Rendering sessions/new
Rendered shared/_devise_links (2.6ms)
Completed in 13ms (View: 11, DB: 1) | 200 OK [http://www.example.com/users/sign_in]


Processing SessionsController#create (for 127.0.0.1 at 2010-07-15 16:13:15) [POST]
  Parameters: {"commit"=>"Sign in", "user"=>{"remember_me"=>"0", "password"=>"secretpass", "email"=>"testing@man.net"}}
  [4;35;1mUser Load (0.7ms)[0m   [0mSELECT * FROM "users" WHERE ("users"."email" = 'testing@man.net') LIMIT 1[0m
  [4;36;1mUser Update (0.5ms)[0m   [0;1mUPDATE "users" SET "updated_at" = '2010-07-15 23:13:15', "sign_in_count" = 1, "current_sign_in_at" = '2010-07-15 23:13:15', "current_sign_in_ip" = '127.0.0.1', "last_sign_in_at" = '2010-07-15 23:13:15', "last_sign_in_ip" = '127.0.0.1' WHERE "id" = 1[0m
Redirected to http://www.example.com/
Completed in 18ms (DB: 1) | 302 Found [http://www.example.com/users/sign_in]


Processing BeersController#index (for 127.0.0.1 at 2010-07-15 16:13:15) [GET]
  [4;35;1mBeer Load (0.3ms)[0m   [0mSELECT * FROM "beers" [0m
Rendering template within layouts/beers
Rendering beers/index
Completed in 4ms (View: 2, DB: 0) | 200 OK [http://www.example.com/]


Processing SessionsController#destroy (for 127.0.0.1 at 2010-07-15 16:13:51) [GET]
Redirected to http://www.example.com/
Completed in 13ms (DB: 0) | 302 Found [http://www.example.com/users/sign_out]


Processing BeersController#index (for 127.0.0.1 at 2010-07-15 16:13:51) [GET]
  [4;36;1mBeer Load (7.2ms)[0m   [0;1mSELECT * FROM "beers" [0m
Rendering template within layouts/beers
Rendering beers/index
Completed in 31ms (View: 10, DB: 7) | 200 OK [http://www.example.com/]
WARNING: Can't mass-assign these protected attributes: login
  [4;35;1mUser Load (0.3ms)[0m   [0mSELECT "users".id FROM "users" WHERE ("users"."email" = 'testing@man.net') LIMIT 1[0m
  [4;36;1mUser Create (0.6ms)[0m   [0;1mINSERT INTO "users" ("encrypted_password", "created_at", "confirmation_sent_at", "last_sign_in_ip", "updated_at", "last_sign_in_at", "sign_in_count", "password_salt", "reset_password_token", "remember_token", "current_sign_in_ip", "confirmation_token", "remember_created_at", "current_sign_in_at", "email", "confirmed_at") VALUES('922e54a641350b2a4e9c39503b8a24ece8e20be4', '2010-07-15 23:13:51', '2010-07-15 23:13:51', NULL, '2010-07-15 23:13:51', NULL, 0, 'Kf_5iqgmFVOuz50ts15i', NULL, NULL, NULL, 'LoHek8c7dc7DtmhPbMYy', NULL, NULL, 'testing@man.net', NULL)[0m


Processing SessionsController#destroy (for 127.0.0.1 at 2010-07-15 16:15:51) [GET]
Redirected to http://www.example.com/
Completed in 12ms (DB: 0) | 302 Found [http://www.example.com/users/sign_out]


Processing BeersController#index (for 127.0.0.1 at 2010-07-15 16:15:51) [GET]
  [4;36;1mBeer Load (0.8ms)[0m   [0;1mSELECT * FROM "beers" [0m
Rendering template within layouts/beers
Rendering beers/index
Completed in 16ms (View: 7, DB: 1) | 200 OK [http://www.example.com/]
WARNING: Can't mass-assign these protected attributes: login
  [4;35;1mUser Load (1.1ms)[0m   [0mSELECT "users".id FROM "users" WHERE ("users"."email" = 'testing@man.net') LIMIT 1[0m
  [4;36;1mUser Create (0.8ms)[0m   [0;1mINSERT INTO "users" ("encrypted_password", "created_at", "confirmation_sent_at", "last_sign_in_ip", "updated_at", "last_sign_in_at", "sign_in_count", "password_salt", "reset_password_token", "remember_token", "current_sign_in_ip", "confirmation_token", "remember_created_at", "current_sign_in_at", "email", "confirmed_at") VALUES('ffb4ab41b742e0e5d93cb2b17a1a31b7fe15a2f8', '2010-07-15 23:15:51', '2010-07-15 23:15:51', NULL, '2010-07-15 23:15:51', NULL, 0, '_7pfTtlzNUoMYoUwwtTN', NULL, NULL, NULL, '649Vl0mNcb_3HiduMAfy', NULL, NULL, 'testing@man.net', NULL)[0m
Sent mail to testing@man.net

Date: Thu, 15 Jul 2010 16:15:51 -0700
From: please-change-me@config-initializers-devise.com
To: testing@man.net
Subject: Confirmation instructions
Mime-Version: 1.0
Content-Type: text/html; charset=utf-8

<p>Welcome testing@man.net!</p>

<p>You can confirm your account through the link below:</p>

<p><a href="http://test.host/users/confirmation?confirmation_token=649Vl0mNcb_3HiduMAfy">Confirm my account</a></p>


Processing SessionsController#new (for 127.0.0.1 at 2010-07-15 16:15:51) [GET]
Rendering sessions/new
Rendered shared/_devise_links (4.3ms)
Completed in 18ms (View: 16, DB: 2) | 200 OK [http://www.example.com/users/sign_in]


Processing SessionsController#create (for 127.0.0.1 at 2010-07-15 16:15:51) [POST]
  Parameters: {"commit"=>"Sign in", "user"=>{"remember_me"=>"0", "password"=>"secretpass", "email"=>"testing@man.net"}}
  [4;35;1mUser Load (1.0ms)[0m   [0mSELECT * FROM "users" WHERE ("users"."email" = 'testing@man.net') LIMIT 1[0m
WARNING: Can't mass-assign these protected attributes: remember_me
Rendering sessions/new
Rendered shared/_devise_links (2.1ms)
Completed in 38ms (View: 12, DB: 1) | 200 OK [http://www.example.com/users/sign_in]


Processing SessionsController#destroy (for 127.0.0.1 at 2010-07-15 16:19:48) [GET]
Redirected to http://www.example.com/
Completed in 11ms (DB: 0) | 302 Found [http://www.example.com/users/sign_out]


Processing BeersController#index (for 127.0.0.1 at 2010-07-15 16:19:48) [GET]
  [4;36;1mBeer Load (0.6ms)[0m   [0;1mSELECT * FROM "beers" [0m
Rendering template within layouts/beers
Rendering beers/index
Completed in 13ms (View: 7, DB: 1) | 200 OK [http://www.example.com/]
WARNING: Can't mass-assign these protected attributes: login
  [4;35;1mUser Load (0.2ms)[0m   [0mSELECT "users".id FROM "users" WHERE ("users"."email" = 'testing@man.net') LIMIT 1[0m
  [4;36;1mUser Create (0.9ms)[0m   [0;1mINSERT INTO "users" ("encrypted_password", "created_at", "confirmation_sent_at", "last_sign_in_ip", "updated_at", "last_sign_in_at", "sign_in_count", "password_salt", "reset_password_token", "remember_token", "current_sign_in_ip", "confirmation_token", "remember_created_at", "current_sign_in_at", "email", "confirmed_at") VALUES('c12671797134b0bce723142f0e02ace87ed65c0a', '2010-07-15 23:19:48', '2010-07-15 23:19:48', NULL, '2010-07-15 23:19:48', NULL, 0, '0Xkmdv42kv7TSkV7sLTA', NULL, NULL, NULL, 'DqYXTnilg2PMPjg5_HFw', NULL, NULL, 'testing@man.net', NULL)[0m
Sent mail to testing@man.net

Date: Thu, 15 Jul 2010 16:19:48 -0700
From: please-change-me@config-initializers-devise.com
To: testing@man.net
Subject: Confirmation instructions
Mime-Version: 1.0
Content-Type: text/html; charset=utf-8

<p>Welcome testing@man.net!</p>

<p>You can confirm your account through the link below:</p>

<p><a href="http://test.host/users/confirmation?confirmation_token=DqYXTnilg2PMPjg5_HFw">Confirm my account</a></p>
  [4;35;1mUser Update (0.5ms)[0m   [0mUPDATE "users" SET "updated_at" = '2010-07-15 23:19:48', "confirmed_at" = '2010-07-15 23:19:48', "confirmation_token" = NULL WHERE "id" = 1[0m


Processing SessionsController#new (for 127.0.0.1 at 2010-07-15 16:19:48) [GET]
Rendering sessions/new
Rendered shared/_devise_links (3.3ms)
Completed in 13ms (View: 12, DB: 2) | 200 OK [http://www.example.com/users/sign_in]


Processing SessionsController#create (for 127.0.0.1 at 2010-07-15 16:19:48) [POST]
  Parameters: {"commit"=>"Sign in", "user"=>{"remember_me"=>"0", "password"=>"secretpass", "email"=>"testing@man.net"}}
  [4;36;1mUser Load (1.0ms)[0m   [0;1mSELECT * FROM "users" WHERE ("users"."email" = 'testing@man.net') LIMIT 1[0m
  [4;35;1mUser Update (0.5ms)[0m   [0mUPDATE "users" SET "updated_at" = '2010-07-15 23:19:48', "sign_in_count" = 1, "current_sign_in_at" = '2010-07-15 23:19:48', "current_sign_in_ip" = '127.0.0.1', "last_sign_in_at" = '2010-07-15 23:19:48', "last_sign_in_ip" = '127.0.0.1' WHERE "id" = 1[0m
Redirected to http://www.example.com/
Completed in 22ms (DB: 2) | 302 Found [http://www.example.com/users/sign_in]


Processing BeersController#index (for 127.0.0.1 at 2010-07-15 16:19:48) [GET]
  [4;36;1mBeer Load (0.3ms)[0m   [0;1mSELECT * FROM "beers" [0m
Rendering template within layouts/beers
Rendering beers/index
Completed in 5ms (View: 3, DB: 0) | 200 OK [http://www.example.com/]


Processing SessionsController#destroy (for 127.0.0.1 at 2010-07-15 16:24:02) [GET]
Redirected to http://www.example.com/
Completed in 9ms (DB: 0) | 302 Found [http://www.example.com/users/sign_out]


Processing BeersController#index (for 127.0.0.1 at 2010-07-15 16:24:02) [GET]
  [4;36;1mBeer Load (0.7ms)[0m   [0;1mSELECT * FROM "beers" [0m
Rendering template within layouts/beers
Rendering beers/index
Completed in 11ms (View: 5, DB: 1) | 200 OK [http://www.example.com/]
WARNING: Can't mass-assign these protected attributes: login
  [4;35;1mUser Load (0.2ms)[0m   [0mSELECT "users".id FROM "users" WHERE ("users"."email" = 'testing@man.net') LIMIT 1[0m
  [4;36;1mUser Create (0.6ms)[0m   [0;1mINSERT INTO "users" ("encrypted_password", "created_at", "confirmation_sent_at", "last_sign_in_ip", "updated_at", "last_sign_in_at", "sign_in_count", "password_salt", "reset_password_token", "remember_token", "current_sign_in_ip", "confirmation_token", "remember_created_at", "current_sign_in_at", "email", "confirmed_at") VALUES('cac4563aaa0ed897461182342b43ef0c8df9e366', '2010-07-15 23:24:02', '2010-07-15 23:24:02', NULL, '2010-07-15 23:24:02', NULL, 0, 'w5C0rCaImX865sdKcEPI', NULL, NULL, NULL, 'hMPgCKc8joliBwb3_whY', NULL, NULL, 'testing@man.net', NULL)[0m
Sent mail to testing@man.net

Date: Thu, 15 Jul 2010 16:24:02 -0700
From: please-change-me@config-initializers-devise.com
To: testing@man.net
Subject: Confirmation instructions
Mime-Version: 1.0
Content-Type: text/html; charset=utf-8

<p>Welcome testing@man.net!</p>

<p>You can confirm your account through the link below:</p>

<p><a href="http://test.host/users/confirmation?confirmation_token=hMPgCKc8joliBwb3_whY">Confirm my account</a></p>
  [4;35;1mUser Update (0.4ms)[0m   [0mUPDATE "users" SET "updated_at" = '2010-07-15 23:24:02', "confirmed_at" = '2010-07-15 23:24:02', "confirmation_token" = NULL WHERE "id" = 1[0m


Processing SessionsController#new (for 127.0.0.1 at 2010-07-15 16:24:02) [GET]
Rendering sessions/new
Rendered shared/_devise_links (2.9ms)
Completed in 12ms (View: 11, DB: 1) | 200 OK [http://www.example.com/users/sign_in]


Processing SessionsController#create (for 127.0.0.1 at 2010-07-15 16:24:02) [POST]
  Parameters: {"commit"=>"Sign in", "user"=>{"remember_me"=>"0", "password"=>"secretpass", "email"=>"testing@man.net"}}
  [4;36;1mUser Load (0.7ms)[0m   [0;1mSELECT * FROM "users" WHERE ("users"."email" = 'testing@man.net') LIMIT 1[0m
  [4;35;1mUser Update (0.3ms)[0m   [0mUPDATE "users" SET "updated_at" = '2010-07-15 23:24:02', "sign_in_count" = 1, "current_sign_in_at" = '2010-07-15 23:24:02', "current_sign_in_ip" = '127.0.0.1', "last_sign_in_at" = '2010-07-15 23:24:02', "last_sign_in_ip" = '127.0.0.1' WHERE "id" = 1[0m
Redirected to http://www.example.com/
Completed in 15ms (DB: 1) | 302 Found [http://www.example.com/users/sign_in]


Processing BeersController#index (for 127.0.0.1 at 2010-07-15 16:24:02) [GET]
  [4;36;1mBeer Load (0.3ms)[0m   [0;1mSELECT * FROM "beers" [0m
Rendering template within layouts/beers
Rendering beers/index
Completed in 5ms (View: 2, DB: 0) | 200 OK [http://www.example.com/]


Processing SessionsController#destroy (for 127.0.0.1 at 2010-07-15 16:24:02) [GET]
Redirected to http://www.example.com/
Completed in 2ms (DB: 0) | 302 Found [http://www.example.com/users/sign_out]


Processing BeersController#index (for 127.0.0.1 at 2010-07-15 16:24:02) [GET]
  [4;35;1mBeer Load (0.3ms)[0m   [0mSELECT * FROM "beers" [0m
Rendering template within layouts/beers
Rendering beers/index
Completed in 5ms (View: 2, DB: 0) | 200 OK [http://www.example.com/]


Processing RegistrationsController#new (for 127.0.0.1 at 2010-07-15 16:24:02) [GET]
Rendering registrations/new
Rendered shared/_devise_links (1.4ms)
Completed in 111ms (View: 106, DB: 0) | 200 OK [http://www.example.com/users/sign_up]


Processing SessionsController#destroy (for 127.0.0.1 at 2010-07-15 16:25:57) [GET]
Redirected to http://www.example.com/
Completed in 11ms (DB: 0) | 302 Found [http://www.example.com/users/sign_out]


Processing BeersController#index (for 127.0.0.1 at 2010-07-15 16:25:57) [GET]
  [4;36;1mBeer Load (0.7ms)[0m   [0;1mSELECT * FROM "beers" [0m
Rendering template within layouts/beers
Rendering beers/index
Completed in 11ms (View: 6, DB: 1) | 200 OK [http://www.example.com/]
WARNING: Can't mass-assign these protected attributes: login
  [4;35;1mUser Load (0.2ms)[0m   [0mSELECT "users".id FROM "users" WHERE ("users"."email" = 'testing@man.net') LIMIT 1[0m
  [4;36;1mUser Create (0.6ms)[0m   [0;1mINSERT INTO "users" ("encrypted_password", "created_at", "confirmation_sent_at", "last_sign_in_ip", "updated_at", "last_sign_in_at", "sign_in_count", "password_salt", "reset_password_token", "remember_token", "current_sign_in_ip", "confirmation_token", "remember_created_at", "current_sign_in_at", "email", "confirmed_at") VALUES('3bb61120615d50d95438cd9aab35ad82a6a76231', '2010-07-15 23:25:57', '2010-07-15 23:25:57', NULL, '2010-07-15 23:25:57', NULL, 0, 'H6PEi3hJMYpRF63DbPJp', NULL, NULL, NULL, 'ui4C3VBR4mZdgVcl3hzl', NULL, NULL, 'testing@man.net', NULL)[0m
Sent mail to testing@man.net

Date: Thu, 15 Jul 2010 16:25:57 -0700
From: please-change-me@config-initializers-devise.com
To: testing@man.net
Subject: Confirmation instructions
Mime-Version: 1.0
Content-Type: text/html; charset=utf-8

<p>Welcome testing@man.net!</p>

<p>You can confirm your account through the link below:</p>

<p><a href="http://test.host/users/confirmation?confirmation_token=ui4C3VBR4mZdgVcl3hzl">Confirm my account</a></p>
  [4;35;1mUser Update (0.4ms)[0m   [0mUPDATE "users" SET "updated_at" = '2010-07-15 23:25:57', "confirmed_at" = '2010-07-15 23:25:57', "confirmation_token" = NULL WHERE "id" = 1[0m


Processing SessionsController#new (for 127.0.0.1 at 2010-07-15 16:25:57) [GET]
Rendering sessions/new
Rendered shared/_devise_links (2.9ms)
Completed in 14ms (View: 13, DB: 1) | 200 OK [http://www.example.com/users/sign_in]


Processing SessionsController#create (for 127.0.0.1 at 2010-07-15 16:25:57) [POST]
  Parameters: {"commit"=>"Sign in", "user"=>{"remember_me"=>"0", "password"=>"secretpass", "email"=>"testing@man.net"}}
  [4;36;1mUser Load (0.9ms)[0m   [0;1mSELECT * FROM "users" WHERE ("users"."email" = 'testing@man.net') LIMIT 1[0m
  [4;35;1mUser Update (0.4ms)[0m   [0mUPDATE "users" SET "updated_at" = '2010-07-15 23:25:57', "sign_in_count" = 1, "current_sign_in_at" = '2010-07-15 23:25:57', "current_sign_in_ip" = '127.0.0.1', "last_sign_in_at" = '2010-07-15 23:25:57', "last_sign_in_ip" = '127.0.0.1' WHERE "id" = 1[0m
Redirected to http://www.example.com/
Completed in 22ms (DB: 1) | 302 Found [http://www.example.com/users/sign_in]


Processing BeersController#index (for 127.0.0.1 at 2010-07-15 16:25:57) [GET]
  [4;36;1mBeer Load (0.2ms)[0m   [0;1mSELECT * FROM "beers" [0m
Rendering template within layouts/beers
Rendering beers/index
Completed in 4ms (View: 2, DB: 0) | 200 OK [http://www.example.com/]


Processing SessionsController#destroy (for 127.0.0.1 at 2010-07-15 16:25:57) [GET]
Redirected to http://www.example.com/
Completed in 2ms (DB: 0) | 302 Found [http://www.example.com/users/sign_out]


Processing BeersController#index (for 127.0.0.1 at 2010-07-15 16:25:57) [GET]
  [4;35;1mBeer Load (0.3ms)[0m   [0mSELECT * FROM "beers" [0m
Rendering template within layouts/beers
Rendering beers/index
Completed in 4ms (View: 2, DB: 0) | 200 OK [http://www.example.com/]


Processing RegistrationsController#new (for 127.0.0.1 at 2010-07-15 16:25:57) [GET]
Rendering registrations/new
Rendered shared/_devise_links (1.8ms)
Completed in 127ms (View: 122, DB: 0) | 200 OK [http://www.example.com/users/sign_up]


Processing RegistrationsController#create (for 127.0.0.1 at 2010-07-15 16:25:57) [POST]
  Parameters: {"commit"=>"Sign up", "user"=>{"password_confirmation"=>"password", "password"=>"password", "email"=>"joe@example.com"}}
  [4;36;1mUser Load (0.3ms)[0m   [0;1mSELECT "users".id FROM "users" WHERE ("users"."email" = 'joe@example.com') LIMIT 1[0m
  [4;35;1mUser Create (0.4ms)[0m   [0mINSERT INTO "users" ("encrypted_password", "created_at", "confirmation_sent_at", "last_sign_in_ip", "updated_at", "last_sign_in_at", "sign_in_count", "password_salt", "reset_password_token", "remember_token", "current_sign_in_ip", "confirmation_token", "remember_created_at", "current_sign_in_at", "email", "confirmed_at") VALUES('08b1ae4d66dbf7f3ac056afefe03ff89bbc0c22c', '2010-07-15 23:25:57', '2010-07-15 23:25:57', NULL, '2010-07-15 23:25:57', NULL, 0, 'Npg7gokR3vFEe02tBZSQ', NULL, NULL, NULL, 'Zy2Wc1UElLWRkyZooweN', NULL, NULL, 'joe@example.com', NULL)[0m
Sent mail to joe@example.com

Date: Thu, 15 Jul 2010 16:25:57 -0700
From: please-change-me@config-initializers-devise.com
To: joe@example.com
Subject: Confirmation instructions
Mime-Version: 1.0
Content-Type: text/html; charset=utf-8

<p>Welcome joe@example.com!</p>

<p>You can confirm your account through the link below:</p>

<p><a href="http://test.host/users/confirmation?confirmation_token=Zy2Wc1UElLWRkyZooweN">Confirm my account</a></p>


Processing SessionsController#new (for 127.0.0.1 at 2010-07-15 16:25:57) [GET]
  Parameters: {"unconfirmed"=>"true"}
Rendering sessions/new
Rendered shared/_devise_links (1.4ms)
Completed in 12ms (View: 10, DB: 1) | 200 OK [http://www.example.com/users/sign_in?unconfirmed=true]


Processing SessionsController#destroy (for 127.0.0.1 at 2010-07-15 16:27:27) [GET]
Redirected to http://www.example.com/
Completed in 9ms (DB: 0) | 302 Found [http://www.example.com/users/sign_out]


Processing BeersController#index (for 127.0.0.1 at 2010-07-15 16:27:27) [GET]
  [4;36;1mBeer Load (0.6ms)[0m   [0;1mSELECT * FROM "beers" [0m
Rendering template within layouts/beers
Rendering beers/index
Completed in 11ms (View: 5, DB: 1) | 200 OK [http://www.example.com/]
WARNING: Can't mass-assign these protected attributes: login
  [4;35;1mUser Load (0.2ms)[0m   [0mSELECT "users".id FROM "users" WHERE ("users"."email" = 'testing@man.net') LIMIT 1[0m
  [4;36;1mUser Create (0.6ms)[0m   [0;1mINSERT INTO "users" ("encrypted_password", "created_at", "confirmation_sent_at", "last_sign_in_ip", "updated_at", "last_sign_in_at", "sign_in_count", "password_salt", "reset_password_token", "remember_token", "current_sign_in_ip", "confirmation_token", "remember_created_at", "current_sign_in_at", "email", "confirmed_at") VALUES('e19cf2ab35bb74c0e3956e9657bba9ab15fc64b8', '2010-07-15 23:27:27', '2010-07-15 23:27:27', NULL, '2010-07-15 23:27:27', NULL, 0, 'Yqcy_54MVagPBaYA_2yv', NULL, NULL, NULL, 'cs9dxzI9UsgQ98xncgYP', NULL, NULL, 'testing@man.net', NULL)[0m
Sent mail to testing@man.net

Date: Thu, 15 Jul 2010 16:27:27 -0700
From: please-change-me@config-initializers-devise.com
To: testing@man.net
Subject: Confirmation instructions
Mime-Version: 1.0
Content-Type: text/html; charset=utf-8

<p>Welcome testing@man.net!</p>

<p>You can confirm your account through the link below:</p>

<p><a href="http://test.host/users/confirmation?confirmation_token=cs9dxzI9UsgQ98xncgYP">Confirm my account</a></p>
  [4;35;1mUser Update (0.5ms)[0m   [0mUPDATE "users" SET "updated_at" = '2010-07-15 23:27:27', "confirmed_at" = '2010-07-15 23:27:27', "confirmation_token" = NULL WHERE "id" = 1[0m


Processing SessionsController#new (for 127.0.0.1 at 2010-07-15 16:27:27) [GET]
Rendering sessions/new
Rendered shared/_devise_links (3.2ms)
Completed in 14ms (View: 12, DB: 1) | 200 OK [http://www.example.com/users/sign_in]


Processing SessionsController#create (for 127.0.0.1 at 2010-07-15 16:27:27) [POST]
  Parameters: {"commit"=>"Sign in", "user"=>{"remember_me"=>"0", "password"=>"secretpass", "email"=>"testing@man.net"}}
  [4;36;1mUser Load (0.7ms)[0m   [0;1mSELECT * FROM "users" WHERE ("users"."email" = 'testing@man.net') LIMIT 1[0m
  [4;35;1mUser Update (0.3ms)[0m   [0mUPDATE "users" SET "updated_at" = '2010-07-15 23:27:27', "sign_in_count" = 1, "current_sign_in_at" = '2010-07-15 23:27:27', "current_sign_in_ip" = '127.0.0.1', "last_sign_in_at" = '2010-07-15 23:27:27', "last_sign_in_ip" = '127.0.0.1' WHERE "id" = 1[0m
Redirected to http://www.example.com/users
Completed in 17ms (DB: 1) | 302 Found [http://www.example.com/users/sign_in]


Processing BeersController#index (for 127.0.0.1 at 2010-07-15 16:27:27) [GET]
  [4;36;1mBeer Load (0.3ms)[0m   [0;1mSELECT * FROM "beers" [0m
Rendering template within layouts/beers
Rendering beers/index
Completed in 6ms (View: 3, DB: 0) | 200 OK [http://www.example.com/users]


Processing SessionsController#destroy (for 127.0.0.1 at 2010-07-15 16:27:27) [GET]
Redirected to http://www.example.com/
Completed in 2ms (DB: 0) | 302 Found [http://www.example.com/users/sign_out]


Processing BeersController#index (for 127.0.0.1 at 2010-07-15 16:27:27) [GET]
  [4;35;1mBeer Load (0.3ms)[0m   [0mSELECT * FROM "beers" [0m
Rendering template within layouts/beers
Rendering beers/index
Completed in 4ms (View: 2, DB: 0) | 200 OK [http://www.example.com/]


Processing RegistrationsController#new (for 127.0.0.1 at 2010-07-15 16:27:27) [GET]
Rendering registrations/new
Rendered shared/_devise_links (1.4ms)
Completed in 119ms (View: 114, DB: 0) | 200 OK [http://www.example.com/users/sign_up]


Processing RegistrationsController#create (for 127.0.0.1 at 2010-07-15 16:27:27) [POST]
  Parameters: {"commit"=>"Sign up", "user"=>{"password_confirmation"=>"password", "password"=>"password", "email"=>"joe@example.com"}}
  [4;36;1mUser Load (0.3ms)[0m   [0;1mSELECT "users".id FROM "users" WHERE ("users"."email" = 'joe@example.com') LIMIT 1[0m
  [4;35;1mUser Create (0.5ms)[0m   [0mINSERT INTO "users" ("encrypted_password", "created_at", "confirmation_sent_at", "last_sign_in_ip", "updated_at", "last_sign_in_at", "sign_in_count", "password_salt", "reset_password_token", "remember_token", "current_sign_in_ip", "confirmation_token", "remember_created_at", "current_sign_in_at", "email", "confirmed_at") VALUES('674efdbd215df763485aaefa45a201859bdd32b8', '2010-07-15 23:27:27', '2010-07-15 23:27:27', NULL, '2010-07-15 23:27:27', NULL, 0, '-CXr3-yTyTqVvGUl9Jlu', NULL, NULL, NULL, 'AaNda44qCjbQAYXEGm0d', NULL, NULL, 'joe@example.com', NULL)[0m
Sent mail to joe@example.com

Date: Thu, 15 Jul 2010 16:27:27 -0700
From: please-change-me@config-initializers-devise.com
To: joe@example.com
Subject: Confirmation instructions
Mime-Version: 1.0
Content-Type: text/html; charset=utf-8

<p>Welcome joe@example.com!</p>

<p>You can confirm your account through the link below:</p>

<p><a href="http://test.host/users/confirmation?confirmation_token=AaNda44qCjbQAYXEGm0d">Confirm my account</a></p>


Processing SessionsController#new (for 127.0.0.1 at 2010-07-15 16:27:27) [GET]
  Parameters: {"unconfirmed"=>"true"}
Rendering sessions/new
Rendered shared/_devise_links (1.5ms)
Completed in 10ms (View: 8, DB: 1) | 200 OK [http://www.example.com/users/sign_in?unconfirmed=true]


Processing SessionsController#destroy (for 127.0.0.1 at 2010-07-15 16:28:13) [GET]
Redirected to http://www.example.com/
Completed in 101ms (DB: 0) | 302 Found [http://www.example.com/users/sign_out]


Processing BeersController#index (for 127.0.0.1 at 2010-07-15 16:28:13) [GET]
  [4;36;1mBeer Load (0.6ms)[0m   [0;1mSELECT * FROM "beers" [0m
Rendering template within layouts/beers
Rendering beers/index
Completed in 13ms (View: 6, DB: 1) | 200 OK [http://www.example.com/]
WARNING: Can't mass-assign these protected attributes: login
  [4;35;1mUser Load (0.3ms)[0m   [0mSELECT "users".id FROM "users" WHERE ("users"."email" = 'testing@man.net') LIMIT 1[0m
  [4;36;1mUser Create (0.7ms)[0m   [0;1mINSERT INTO "users" ("encrypted_password", "created_at", "confirmation_sent_at", "last_sign_in_ip", "updated_at", "last_sign_in_at", "sign_in_count", "password_salt", "reset_password_token", "remember_token", "current_sign_in_ip", "confirmation_token", "remember_created_at", "current_sign_in_at", "email", "confirmed_at") VALUES('70ae482e5ec997d3e218b122000c2fc5f3e9dc3e', '2010-07-15 23:28:13', '2010-07-15 23:28:13', NULL, '2010-07-15 23:28:13', NULL, 0, 'ICaVuSgSAO1zOKixwAdd', NULL, NULL, NULL, '64KxvkpvzEBWXYwJK3ms', NULL, NULL, 'testing@man.net', NULL)[0m
Sent mail to testing@man.net

Date: Thu, 15 Jul 2010 16:28:13 -0700
From: please-change-me@config-initializers-devise.com
To: testing@man.net
Subject: Confirmation instructions
Mime-Version: 1.0
Content-Type: text/html; charset=utf-8

<p>Welcome testing@man.net!</p>

<p>You can confirm your account through the link below:</p>

<p><a href="http://test.host/users/confirmation?confirmation_token=64KxvkpvzEBWXYwJK3ms">Confirm my account</a></p>
  [4;35;1mUser Update (0.4ms)[0m   [0mUPDATE "users" SET "updated_at" = '2010-07-15 23:28:13', "confirmed_at" = '2010-07-15 23:28:13', "confirmation_token" = NULL WHERE "id" = 1[0m


Processing SessionsController#new (for 127.0.0.1 at 2010-07-15 16:28:13) [GET]
Rendering sessions/new
Rendered shared/_devise_links (3.4ms)
Completed in 14ms (View: 12, DB: 1) | 200 OK [http://www.example.com/users/sign_in]


Processing SessionsController#create (for 127.0.0.1 at 2010-07-15 16:28:13) [POST]
  Parameters: {"commit"=>"Sign in", "user"=>{"remember_me"=>"0", "password"=>"secretpass", "email"=>"testing@man.net"}}
  [4;36;1mUser Load (1.0ms)[0m   [0;1mSELECT * FROM "users" WHERE ("users"."email" = 'testing@man.net') LIMIT 1[0m
  [4;35;1mUser Update (0.4ms)[0m   [0mUPDATE "users" SET "updated_at" = '2010-07-15 23:28:13', "sign_in_count" = 1, "current_sign_in_at" = '2010-07-15 23:28:13', "current_sign_in_ip" = '127.0.0.1', "last_sign_in_at" = '2010-07-15 23:28:13', "last_sign_in_ip" = '127.0.0.1' WHERE "id" = 1[0m
Redirected to http://www.example.com/users
Completed in 18ms (DB: 1) | 302 Found [http://www.example.com/users/sign_in]


Processing BeersController#index (for 127.0.0.1 at 2010-07-15 16:28:13) [GET]
  [4;36;1mBeer Load (0.2ms)[0m   [0;1mSELECT * FROM "beers" [0m
Rendering template within layouts/beers
Rendering beers/index
Completed in 5ms (View: 2, DB: 0) | 200 OK [http://www.example.com/users]


Processing SessionsController#destroy (for 127.0.0.1 at 2010-07-15 16:28:13) [GET]
Redirected to http://www.example.com/
Completed in 2ms (DB: 0) | 302 Found [http://www.example.com/users/sign_out]


Processing BeersController#index (for 127.0.0.1 at 2010-07-15 16:28:13) [GET]
  [4;35;1mBeer Load (0.3ms)[0m   [0mSELECT * FROM "beers" [0m
Rendering template within layouts/beers
Rendering beers/index
Completed in 5ms (View: 2, DB: 0) | 200 OK [http://www.example.com/]


Processing RegistrationsController#new (for 127.0.0.1 at 2010-07-15 16:28:13) [GET]
Rendering registrations/new
Rendered shared/_devise_links (1.9ms)
Completed in 16ms (View: 11, DB: 0) | 200 OK [http://www.example.com/users/sign_up]


Processing RegistrationsController#create (for 127.0.0.1 at 2010-07-15 16:28:13) [POST]
  Parameters: {"commit"=>"Sign up", "user"=>{"password_confirmation"=>"password", "password"=>"password", "email"=>"joe@example.com"}}
  [4;36;1mUser Load (0.3ms)[0m   [0;1mSELECT "users".id FROM "users" WHERE ("users"."email" = 'joe@example.com') LIMIT 1[0m
  [4;35;1mUser Create (0.5ms)[0m   [0mINSERT INTO "users" ("encrypted_password", "created_at", "confirmation_sent_at", "last_sign_in_ip", "updated_at", "last_sign_in_at", "sign_in_count", "password_salt", "reset_password_token", "remember_token", "current_sign_in_ip", "confirmation_token", "remember_created_at", "current_sign_in_at", "email", "confirmed_at") VALUES('0a49ac373aa69fad45227cacfdaa791e5d554d72', '2010-07-15 23:28:13', '2010-07-15 23:28:13', NULL, '2010-07-15 23:28:13', NULL, 0, 'VkpH3qPx7pOy9dUYIz5J', NULL, NULL, NULL, '4DDfzKRX4ViD_d_nEw4K', NULL, NULL, 'joe@example.com', NULL)[0m
Sent mail to joe@example.com

Date: Thu, 15 Jul 2010 16:28:13 -0700
From: please-change-me@config-initializers-devise.com
To: joe@example.com
Subject: Confirmation instructions
Mime-Version: 1.0
Content-Type: text/html; charset=utf-8

<p>Welcome joe@example.com!</p>

<p>You can confirm your account through the link below:</p>

<p><a href="http://test.host/users/confirmation?confirmation_token=4DDfzKRX4ViD_d_nEw4K">Confirm my account</a></p>


Processing SessionsController#new (for 127.0.0.1 at 2010-07-15 16:28:13) [GET]
  Parameters: {"unconfirmed"=>"true"}
Rendering sessions/new
Rendered shared/_devise_links (1.6ms)
Completed in 10ms (View: 8, DB: 1) | 200 OK [http://www.example.com/users/sign_in?unconfirmed=true]


Processing SessionsController#destroy (for 127.0.0.1 at 2010-07-15 16:31:00) [GET]
Redirected to http://www.example.com/
Completed in 96ms (DB: 0) | 302 Found [http://www.example.com/users/sign_out]


Processing BeersController#index (for 127.0.0.1 at 2010-07-15 16:31:00) [GET]
  [4;36;1mBeer Load (0.6ms)[0m   [0;1mSELECT * FROM "beers" [0m
Rendering template within layouts/beers
Rendering beers/index
Completed in 12ms (View: 6, DB: 1) | 200 OK [http://www.example.com/]
WARNING: Can't mass-assign these protected attributes: login
  [4;35;1mUser Load (0.2ms)[0m   [0mSELECT "users".id FROM "users" WHERE ("users"."email" = 'testing@man.net') LIMIT 1[0m
  [4;36;1mUser Create (0.8ms)[0m   [0;1mINSERT INTO "users" ("encrypted_password", "created_at", "confirmation_sent_at", "last_sign_in_ip", "updated_at", "last_sign_in_at", "sign_in_count", "password_salt", "reset_password_token", "remember_token", "current_sign_in_ip", "confirmation_token", "remember_created_at", "current_sign_in_at", "email", "confirmed_at") VALUES('d8a6254ff2d04b09111b4dd471b2df75f90aebaf', '2010-07-15 23:31:00', '2010-07-15 23:31:00', NULL, '2010-07-15 23:31:00', NULL, 0, '7-BDgSYHitNNkxRdQNEY', NULL, NULL, NULL, 'KSFF_0LG8_35iIB-oJ_5', NULL, NULL, 'testing@man.net', NULL)[0m
Sent mail to testing@man.net

Date: Thu, 15 Jul 2010 16:31:00 -0700
From: please-change-me@config-initializers-devise.com
To: testing@man.net
Subject: Confirmation instructions
Mime-Version: 1.0
Content-Type: text/html; charset=utf-8

<p>Welcome testing@man.net!</p>

<p>You can confirm your account through the link below:</p>

<p><a href="http://test.host/users/confirmation?confirmation_token=KSFF_0LG8_35iIB-oJ_5">Confirm my account</a></p>
  [4;35;1mUser Update (0.4ms)[0m   [0mUPDATE "users" SET "updated_at" = '2010-07-15 23:31:00', "confirmed_at" = '2010-07-15 23:31:00', "confirmation_token" = NULL WHERE "id" = 1[0m


Processing SessionsController#new (for 127.0.0.1 at 2010-07-15 16:31:00) [GET]
Rendering sessions/new
Rendered shared/_devise_links (3.1ms)
Completed in 13ms (View: 11, DB: 1) | 200 OK [http://www.example.com/users/sign_in]


Processing SessionsController#create (for 127.0.0.1 at 2010-07-15 16:31:00) [POST]
  Parameters: {"commit"=>"Sign in", "user"=>{"remember_me"=>"0", "password"=>"secretpass", "email"=>"testing@man.net"}}
  [4;36;1mUser Load (0.7ms)[0m   [0;1mSELECT * FROM "users" WHERE ("users"."email" = 'testing@man.net') LIMIT 1[0m
  [4;35;1mUser Update (0.5ms)[0m   [0mUPDATE "users" SET "updated_at" = '2010-07-15 23:31:00', "sign_in_count" = 1, "current_sign_in_at" = '2010-07-15 23:31:00', "current_sign_in_ip" = '127.0.0.1', "last_sign_in_at" = '2010-07-15 23:31:00', "last_sign_in_ip" = '127.0.0.1' WHERE "id" = 1[0m
Redirected to http://www.example.com/users
Completed in 17ms (DB: 1) | 302 Found [http://www.example.com/users/sign_in]


Processing BeersController#index (for 127.0.0.1 at 2010-07-15 16:31:00) [GET]
  [4;36;1mBeer Load (0.2ms)[0m   [0;1mSELECT * FROM "beers" [0m
Rendering template within layouts/beers
Rendering beers/index
Completed in 4ms (View: 2, DB: 0) | 200 OK [http://www.example.com/users]


Processing SessionsController#destroy (for 127.0.0.1 at 2010-07-15 16:31:00) [GET]
Redirected to http://www.example.com/
Completed in 2ms (DB: 0) | 302 Found [http://www.example.com/users/sign_out]


Processing BeersController#index (for 127.0.0.1 at 2010-07-15 16:31:00) [GET]
  [4;35;1mBeer Load (0.3ms)[0m   [0mSELECT * FROM "beers" [0m
Rendering template within layouts/beers
Rendering beers/index
Completed in 5ms (View: 2, DB: 0) | 200 OK [http://www.example.com/]


Processing RegistrationsController#new (for 127.0.0.1 at 2010-07-15 16:31:00) [GET]
Rendering registrations/new
Rendered shared/_devise_links (1.5ms)
Completed in 17ms (View: 11, DB: 0) | 200 OK [http://www.example.com/users/sign_up]


Processing RegistrationsController#create (for 127.0.0.1 at 2010-07-15 16:31:00) [POST]
  Parameters: {"commit"=>"Sign up", "user"=>{"password_confirmation"=>"password", "password"=>"password", "email"=>"joe@example.com"}}
  [4;36;1mUser Load (0.3ms)[0m   [0;1mSELECT "users".id FROM "users" WHERE ("users"."email" = 'joe@example.com') LIMIT 1[0m
  [4;35;1mUser Create (0.8ms)[0m   [0mINSERT INTO "users" ("encrypted_password", "created_at", "confirmation_sent_at", "last_sign_in_ip", "updated_at", "last_sign_in_at", "sign_in_count", "password_salt", "reset_password_token", "remember_token", "current_sign_in_ip", "confirmation_token", "remember_created_at", "current_sign_in_at", "email", "confirmed_at") VALUES('750021ccfb79c4bb2beb88de7496b8131ea168d4', '2010-07-15 23:31:00', '2010-07-15 23:31:00', NULL, '2010-07-15 23:31:00', NULL, 0, 'WEZuqE51HthfBiINgGr0', NULL, NULL, NULL, 'uPJmzS6kNMvagUR6pHMH', NULL, NULL, 'joe@example.com', NULL)[0m
Sent mail to joe@example.com

Date: Thu, 15 Jul 2010 16:31:00 -0700
From: please-change-me@config-initializers-devise.com
To: joe@example.com
Subject: Confirmation instructions
Mime-Version: 1.0
Content-Type: text/html; charset=utf-8

<p>Welcome joe@example.com!</p>

<p>You can confirm your account through the link below:</p>

<p><a href="http://test.host/users/confirmation?confirmation_token=uPJmzS6kNMvagUR6pHMH">Confirm my account</a></p>


Processing SessionsController#new (for 127.0.0.1 at 2010-07-15 16:31:00) [GET]
  Parameters: {"unconfirmed"=>"true"}
Rendering sessions/new
Rendered shared/_devise_links (2.1ms)
Completed in 13ms (View: 11, DB: 1) | 200 OK [http://www.example.com/users/sign_in?unconfirmed=true]


Processing SessionsController#destroy (for 127.0.0.1 at 2010-07-15 16:31:34) [GET]
Redirected to http://www.example.com/
Completed in 14ms (DB: 0) | 302 Found [http://www.example.com/users/sign_out]


Processing BeersController#index (for 127.0.0.1 at 2010-07-15 16:31:34) [GET]
  [4;36;1mBeer Load (1.6ms)[0m   [0;1mSELECT * FROM "beers" [0m
Rendering template within layouts/beers
Rendering beers/index
Completed in 19ms (View: 9, DB: 2) | 200 OK [http://www.example.com/]
WARNING: Can't mass-assign these protected attributes: login
  [4;35;1mUser Load (0.7ms)[0m   [0mSELECT "users".id FROM "users" WHERE ("users"."email" = 'testing@man.net') LIMIT 1[0m
  [4;36;1mUser Create (1.0ms)[0m   [0;1mINSERT INTO "users" ("encrypted_password", "created_at", "confirmation_sent_at", "last_sign_in_ip", "updated_at", "last_sign_in_at", "sign_in_count", "password_salt", "reset_password_token", "remember_token", "current_sign_in_ip", "confirmation_token", "remember_created_at", "current_sign_in_at", "email", "confirmed_at") VALUES('1d2d6eb7d686ef744afbbb6783b314c2d07b6131', '2010-07-15 23:31:34', '2010-07-15 23:31:34', NULL, '2010-07-15 23:31:34', NULL, 0, 'aShlcvBx0VwfPJBG9CjW', NULL, NULL, NULL, 'Ezm7IXodi8cGhYpQkbUD', NULL, NULL, 'testing@man.net', NULL)[0m
Sent mail to testing@man.net

Date: Thu, 15 Jul 2010 16:31:35 -0700
From: please-change-me@config-initializers-devise.com
To: testing@man.net
Subject: Confirmation instructions
Mime-Version: 1.0
Content-Type: text/html; charset=utf-8

<p>Welcome testing@man.net!</p>

<p>You can confirm your account through the link below:</p>

<p><a href="http://test.host/users/confirmation?confirmation_token=Ezm7IXodi8cGhYpQkbUD">Confirm my account</a></p>
  [4;35;1mUser Update (0.7ms)[0m   [0mUPDATE "users" SET "updated_at" = '2010-07-15 23:31:35', "confirmed_at" = '2010-07-15 23:31:35', "confirmation_token" = NULL WHERE "id" = 1[0m


Processing SessionsController#new (for 127.0.0.1 at 2010-07-15 16:31:35) [GET]
Rendering sessions/new
Rendered shared/_devise_links (5.2ms)
Completed in 20ms (View: 18, DB: 2) | 200 OK [http://www.example.com/users/sign_in]


Processing SessionsController#create (for 127.0.0.1 at 2010-07-15 16:31:35) [POST]
  Parameters: {"commit"=>"Sign in", "user"=>{"remember_me"=>"0", "password"=>"secretpass", "email"=>"testing@man.net"}}
  [4;36;1mUser Load (1.1ms)[0m   [0;1mSELECT * FROM "users" WHERE ("users"."email" = 'testing@man.net') LIMIT 1[0m
  [4;35;1mUser Update (0.6ms)[0m   [0mUPDATE "users" SET "updated_at" = '2010-07-15 23:31:35', "sign_in_count" = 1, "current_sign_in_at" = '2010-07-15 23:31:35', "current_sign_in_ip" = '127.0.0.1', "last_sign_in_at" = '2010-07-15 23:31:35', "last_sign_in_ip" = '127.0.0.1' WHERE "id" = 1[0m
Redirected to http://www.example.com/users
Completed in 26ms (DB: 2) | 302 Found [http://www.example.com/users/sign_in]


Processing BeersController#index (for 127.0.0.1 at 2010-07-15 16:31:35) [GET]
  [4;36;1mBeer Load (0.3ms)[0m   [0;1mSELECT * FROM "beers" [0m
Rendering template within layouts/beers
Rendering beers/index
Completed in 7ms (View: 3, DB: 0) | 200 OK [http://www.example.com/users]


Processing SessionsController#destroy (for 127.0.0.1 at 2010-07-15 16:31:35) [GET]
Redirected to http://www.example.com/
Completed in 2ms (DB: 0) | 302 Found [http://www.example.com/users/sign_out]


Processing BeersController#index (for 127.0.0.1 at 2010-07-15 16:31:35) [GET]
  [4;35;1mBeer Load (0.4ms)[0m   [0mSELECT * FROM "beers" [0m
Rendering template within layouts/beers
Rendering beers/index
Completed in 7ms (View: 4, DB: 0) | 200 OK [http://www.example.com/]


Processing RegistrationsController#new (for 127.0.0.1 at 2010-07-15 16:31:35) [GET]
Rendering registrations/new
Rendered shared/_devise_links (2.2ms)
Completed in 150ms (View: 143, DB: 0) | 200 OK [http://www.example.com/users/sign_up]


Processing RegistrationsController#create (for 127.0.0.1 at 2010-07-15 16:31:35) [POST]
  Parameters: {"commit"=>"Sign up", "user"=>{"password_confirmation"=>"password", "password"=>"password", "email"=>"joe@example.com"}}
  [4;36;1mUser Load (0.4ms)[0m   [0;1mSELECT "users".id FROM "users" WHERE ("users"."email" = 'joe@example.com') LIMIT 1[0m
  [4;35;1mUser Create (0.6ms)[0m   [0mINSERT INTO "users" ("encrypted_password", "created_at", "confirmation_sent_at", "last_sign_in_ip", "updated_at", "last_sign_in_at", "sign_in_count", "password_salt", "reset_password_token", "remember_token", "current_sign_in_ip", "confirmation_token", "remember_created_at", "current_sign_in_at", "email", "confirmed_at") VALUES('2736b3f3e8fee838bede9619ccaf70ba15f5d57a', '2010-07-15 23:31:35', '2010-07-15 23:31:35', NULL, '2010-07-15 23:31:35', NULL, 0, '8wPjIXp3hZj-Vk6WRbyp', NULL, NULL, NULL, 'FI3CTJySFQlxLdpNGS1l', NULL, NULL, 'joe@example.com', NULL)[0m
Sent mail to joe@example.com

Date: Thu, 15 Jul 2010 16:31:35 -0700
From: please-change-me@config-initializers-devise.com
To: joe@example.com
Subject: Confirmation instructions
Mime-Version: 1.0
Content-Type: text/html; charset=utf-8

<p>Welcome joe@example.com!</p>

<p>You can confirm your account through the link below:</p>

<p><a href="http://test.host/users/confirmation?confirmation_token=FI3CTJySFQlxLdpNGS1l">Confirm my account</a></p>


Processing SessionsController#new (for 127.0.0.1 at 2010-07-15 16:31:35) [GET]
  Parameters: {"unconfirmed"=>"true"}
Rendering sessions/new
Rendered shared/_devise_links (3.0ms)
Completed in 17ms (View: 13, DB: 1) | 200 OK [http://www.example.com/users/sign_in?unconfirmed=true]


Processing SessionsController#destroy (for 127.0.0.1 at 2010-07-15 16:32:40) [GET]
Redirected to http://www.example.com/
Completed in 95ms (DB: 0) | 302 Found [http://www.example.com/users/sign_out]


Processing BeersController#index (for 127.0.0.1 at 2010-07-15 16:32:40) [GET]
  [4;36;1mBeer Load (0.6ms)[0m   [0;1mSELECT * FROM "beers" [0m
Rendering template within layouts/beers
Rendering beers/index
Completed in 12ms (View: 5, DB: 1) | 200 OK [http://www.example.com/]
WARNING: Can't mass-assign these protected attributes: login
  [4;35;1mUser Load (0.3ms)[0m   [0mSELECT "users".id FROM "users" WHERE ("users"."email" = 'testing@man.net') LIMIT 1[0m
  [4;36;1mUser Create (0.6ms)[0m   [0;1mINSERT INTO "users" ("encrypted_password", "created_at", "confirmation_sent_at", "last_sign_in_ip", "updated_at", "last_sign_in_at", "sign_in_count", "password_salt", "reset_password_token", "remember_token", "current_sign_in_ip", "confirmation_token", "remember_created_at", "current_sign_in_at", "email", "confirmed_at") VALUES('2720a30fcb6ea3693dcce5ba54b6206637c2981b', '2010-07-15 23:32:40', '2010-07-15 23:32:40', NULL, '2010-07-15 23:32:40', NULL, 0, 'ARm1zGMqMrIYs7hhhtfD', NULL, NULL, NULL, 'P-xnnokzFhYXshaRl1kN', NULL, NULL, 'testing@man.net', NULL)[0m
Sent mail to testing@man.net

Date: Thu, 15 Jul 2010 16:32:40 -0700
From: please-change-me@config-initializers-devise.com
To: testing@man.net
Subject: Confirmation instructions
Mime-Version: 1.0
Content-Type: text/html; charset=utf-8

<p>Welcome testing@man.net!</p>

<p>You can confirm your account through the link below:</p>

<p><a href="http://test.host/users/confirmation?confirmation_token=P-xnnokzFhYXshaRl1kN">Confirm my account</a></p>
  [4;35;1mUser Update (0.5ms)[0m   [0mUPDATE "users" SET "updated_at" = '2010-07-15 23:32:40', "confirmed_at" = '2010-07-15 23:32:40', "confirmation_token" = NULL WHERE "id" = 1[0m


Processing SessionsController#new (for 127.0.0.1 at 2010-07-15 16:32:40) [GET]
Rendering sessions/new
Rendered shared/_devise_links (3.0ms)
Completed in 13ms (View: 11, DB: 1) | 200 OK [http://www.example.com/users/sign_in]


Processing SessionsController#create (for 127.0.0.1 at 2010-07-15 16:32:40) [POST]
  Parameters: {"commit"=>"Sign in", "user"=>{"remember_me"=>"0", "password"=>"secretpass", "email"=>"testing@man.net"}}
  [4;36;1mUser Load (0.7ms)[0m   [0;1mSELECT * FROM "users" WHERE ("users"."email" = 'testing@man.net') LIMIT 1[0m
  [4;35;1mUser Update (0.5ms)[0m   [0mUPDATE "users" SET "updated_at" = '2010-07-15 23:32:40', "sign_in_count" = 1, "current_sign_in_at" = '2010-07-15 23:32:40', "current_sign_in_ip" = '127.0.0.1', "last_sign_in_at" = '2010-07-15 23:32:40', "last_sign_in_ip" = '127.0.0.1' WHERE "id" = 1[0m
Redirected to http://www.example.com/users
Completed in 17ms (DB: 1) | 302 Found [http://www.example.com/users/sign_in]


Processing BeersController#index (for 127.0.0.1 at 2010-07-15 16:32:40) [GET]
  [4;36;1mBeer Load (0.2ms)[0m   [0;1mSELECT * FROM "beers" [0m
Rendering template within layouts/beers
Rendering beers/index
Completed in 4ms (View: 2, DB: 0) | 200 OK [http://www.example.com/users]


Processing SessionsController#destroy (for 127.0.0.1 at 2010-07-15 16:32:40) [GET]
Redirected to http://www.example.com/
Completed in 2ms (DB: 0) | 302 Found [http://www.example.com/users/sign_out]


Processing BeersController#index (for 127.0.0.1 at 2010-07-15 16:32:40) [GET]
  [4;35;1mBeer Load (0.3ms)[0m   [0mSELECT * FROM "beers" [0m
Rendering template within layouts/beers
Rendering beers/index
Completed in 5ms (View: 2, DB: 0) | 200 OK [http://www.example.com/]


Processing RegistrationsController#new (for 127.0.0.1 at 2010-07-15 16:32:40) [GET]
Rendering registrations/new
Rendered shared/_devise_links (1.5ms)
Completed in 15ms (View: 9, DB: 0) | 200 OK [http://www.example.com/users/sign_up]


Processing RegistrationsController#create (for 127.0.0.1 at 2010-07-15 16:32:40) [POST]
  Parameters: {"commit"=>"Sign up", "user"=>{"password_confirmation"=>"password", "password"=>"password", "email"=>"joe@example.com"}}
  [4;36;1mUser Load (0.3ms)[0m   [0;1mSELECT "users".id FROM "users" WHERE ("users"."email" = 'joe@example.com') LIMIT 1[0m
  [4;35;1mUser Create (0.5ms)[0m   [0mINSERT INTO "users" ("encrypted_password", "created_at", "confirmation_sent_at", "last_sign_in_ip", "updated_at", "last_sign_in_at", "sign_in_count", "password_salt", "reset_password_token", "remember_token", "current_sign_in_ip", "confirmation_token", "remember_created_at", "current_sign_in_at", "email", "confirmed_at") VALUES('db85fbc33ad96214c9adac1fe8ad8bf60343c43f', '2010-07-15 23:32:40', '2010-07-15 23:32:40', NULL, '2010-07-15 23:32:40', NULL, 0, 'Rfw6Isz8yADDKhQIfmX6', NULL, NULL, NULL, 'HUylkpvNFkqsFld_78a3', NULL, NULL, 'joe@example.com', NULL)[0m
Sent mail to joe@example.com

Date: Thu, 15 Jul 2010 16:32:40 -0700
From: please-change-me@config-initializers-devise.com
To: joe@example.com
Subject: Confirmation instructions
Mime-Version: 1.0
Content-Type: text/html; charset=utf-8

<p>Welcome joe@example.com!</p>

<p>You can confirm your account through the link below:</p>

<p><a href="http://test.host/users/confirmation?confirmation_token=HUylkpvNFkqsFld_78a3">Confirm my account</a></p>


Processing SessionsController#new (for 127.0.0.1 at 2010-07-15 16:32:40) [GET]
  Parameters: {"unconfirmed"=>"true"}
Rendering sessions/new
Rendered shared/_devise_links (1.4ms)
Completed in 10ms (View: 8, DB: 1) | 200 OK [http://www.example.com/users/sign_in?unconfirmed=true]


Processing SessionsController#destroy (for 127.0.0.1 at 2010-07-15 16:34:41) [GET]
Redirected to http://www.example.com/
Completed in 94ms (DB: 0) | 302 Found [http://www.example.com/users/sign_out]


Processing BeersController#index (for 127.0.0.1 at 2010-07-15 16:34:41) [GET]
  [4;36;1mBeer Load (0.7ms)[0m   [0;1mSELECT * FROM "beers" [0m
Rendering template within layouts/beers
Rendering beers/index
Completed in 12ms (View: 5, DB: 1) | 200 OK [http://www.example.com/]
WARNING: Can't mass-assign these protected attributes: login
  [4;35;1mUser Load (0.2ms)[0m   [0mSELECT "users".id FROM "users" WHERE ("users"."email" = 'testing@man.net') LIMIT 1[0m
  [4;36;1mUser Create (0.6ms)[0m   [0;1mINSERT INTO "users" ("encrypted_password", "created_at", "confirmation_sent_at", "last_sign_in_ip", "updated_at", "last_sign_in_at", "sign_in_count", "password_salt", "reset_password_token", "remember_token", "current_sign_in_ip", "confirmation_token", "remember_created_at", "current_sign_in_at", "email", "confirmed_at") VALUES('56aacc6f2a46cbdc72d688bf1e427680baf7ff18', '2010-07-15 23:34:41', '2010-07-15 23:34:41', NULL, '2010-07-15 23:34:41', NULL, 0, '80sx3poKYUQXWuedfnpN', NULL, NULL, NULL, 'WN0_mVj0VKDGNXbmJ-vU', NULL, NULL, 'testing@man.net', NULL)[0m
Sent mail to testing@man.net

Date: Thu, 15 Jul 2010 16:34:41 -0700
From: please-change-me@config-initializers-devise.com
To: testing@man.net
Subject: Confirmation instructions
Mime-Version: 1.0
Content-Type: text/html; charset=utf-8

<p>Welcome testing@man.net!</p>

<p>You can confirm your account through the link below:</p>

<p><a href="http://test.host/users/confirmation?confirmation_token=WN0_mVj0VKDGNXbmJ-vU">Confirm my account</a></p>
  [4;35;1mUser Update (0.5ms)[0m   [0mUPDATE "users" SET "updated_at" = '2010-07-15 23:34:41', "confirmed_at" = '2010-07-15 23:34:41', "confirmation_token" = NULL WHERE "id" = 1[0m


Processing SessionsController#new (for 127.0.0.1 at 2010-07-15 16:34:41) [GET]
Rendering sessions/new
Rendered shared/_devise_links (3.0ms)
Completed in 13ms (View: 11, DB: 1) | 200 OK [http://www.example.com/users/sign_in]


Processing SessionsController#create (for 127.0.0.1 at 2010-07-15 16:34:41) [POST]
  Parameters: {"commit"=>"Sign in", "user"=>{"remember_me"=>"0", "password"=>"secretpass", "email"=>"testing@man.net"}}
  [4;36;1mUser Load (0.7ms)[0m   [0;1mSELECT * FROM "users" WHERE ("users"."email" = 'testing@man.net') LIMIT 1[0m
  [4;35;1mUser Update (0.4ms)[0m   [0mUPDATE "users" SET "updated_at" = '2010-07-15 23:34:41', "sign_in_count" = 1, "current_sign_in_at" = '2010-07-15 23:34:41', "current_sign_in_ip" = '127.0.0.1', "last_sign_in_at" = '2010-07-15 23:34:41', "last_sign_in_ip" = '127.0.0.1' WHERE "id" = 1[0m
Redirected to http://www.example.com/users
Completed in 16ms (DB: 1) | 302 Found [http://www.example.com/users/sign_in]


Processing BeersController#index (for 127.0.0.1 at 2010-07-15 16:34:41) [GET]
  [4;36;1mBeer Load (0.2ms)[0m   [0;1mSELECT * FROM "beers" [0m
Rendering template within layouts/beers
Rendering beers/index
Completed in 4ms (View: 2, DB: 0) | 200 OK [http://www.example.com/users]


Processing SessionsController#destroy (for 127.0.0.1 at 2010-07-15 16:34:41) [GET]
Redirected to http://www.example.com/
Completed in 2ms (DB: 0) | 302 Found [http://www.example.com/users/sign_out]


Processing BeersController#index (for 127.0.0.1 at 2010-07-15 16:34:41) [GET]
  [4;35;1mBeer Load (0.3ms)[0m   [0mSELECT * FROM "beers" [0m
Rendering template within layouts/beers
Rendering beers/index
Completed in 5ms (View: 2, DB: 0) | 200 OK [http://www.example.com/]


Processing RegistrationsController#new (for 127.0.0.1 at 2010-07-15 16:34:41) [GET]
Rendering registrations/new
Rendered shared/_devise_links (1.7ms)
Completed in 16ms (View: 11, DB: 0) | 200 OK [http://www.example.com/users/sign_up]


Processing RegistrationsController#create (for 127.0.0.1 at 2010-07-15 16:34:41) [POST]
  Parameters: {"commit"=>"Sign up", "user"=>{"password_confirmation"=>"password", "password"=>"password", "email"=>"joe@example.com"}}
  [4;36;1mUser Load (0.3ms)[0m   [0;1mSELECT "users".id FROM "users" WHERE ("users"."email" = 'joe@example.com') LIMIT 1[0m
  [4;35;1mUser Create (0.5ms)[0m   [0mINSERT INTO "users" ("encrypted_password", "created_at", "confirmation_sent_at", "last_sign_in_ip", "updated_at", "last_sign_in_at", "sign_in_count", "password_salt", "reset_password_token", "remember_token", "current_sign_in_ip", "confirmation_token", "remember_created_at", "current_sign_in_at", "email", "confirmed_at") VALUES('d4f39514f286a46f71cc3c4a62cf3e0997f5d282', '2010-07-15 23:34:41', '2010-07-15 23:34:41', NULL, '2010-07-15 23:34:41', NULL, 0, 't0k1UvSmgvqAyQFwTHuZ', NULL, NULL, NULL, 'n3Hd1SNiQJ0Q2QWgBrV5', NULL, NULL, 'joe@example.com', NULL)[0m
Sent mail to joe@example.com

Date: Thu, 15 Jul 2010 16:34:41 -0700
From: please-change-me@config-initializers-devise.com
To: joe@example.com
Subject: Confirmation instructions
Mime-Version: 1.0
Content-Type: text/html; charset=utf-8

<p>Welcome joe@example.com!</p>

<p>You can confirm your account through the link below:</p>

<p><a href="http://test.host/users/confirmation?confirmation_token=n3Hd1SNiQJ0Q2QWgBrV5">Confirm my account</a></p>


Processing SessionsController#new (for 127.0.0.1 at 2010-07-15 16:34:41) [GET]
  Parameters: {"unconfirmed"=>"true"}
Rendering sessions/new
Rendered shared/_devise_links (1.5ms)
Completed in 10ms (View: 8, DB: 1) | 200 OK [http://www.example.com/users/sign_in?unconfirmed=true]


Processing SessionsController#destroy (for 127.0.0.1 at 2010-07-15 16:36:12) [GET]
Redirected to http://www.example.com/
Completed in 9ms (DB: 0) | 302 Found [http://www.example.com/users/sign_out]


Processing BeersController#index (for 127.0.0.1 at 2010-07-15 16:36:12) [GET]
  [4;36;1mBeer Load (0.6ms)[0m   [0;1mSELECT * FROM "beers" [0m
Rendering template within layouts/beers
Rendering beers/index
Completed in 12ms (View: 5, DB: 1) | 200 OK [http://www.example.com/]
WARNING: Can't mass-assign these protected attributes: login
  [4;35;1mUser Load (0.3ms)[0m   [0mSELECT "users".id FROM "users" WHERE ("users"."email" = 'testing@man.net') LIMIT 1[0m
  [4;36;1mUser Create (0.7ms)[0m   [0;1mINSERT INTO "users" ("encrypted_password", "created_at", "confirmation_sent_at", "last_sign_in_ip", "updated_at", "last_sign_in_at", "sign_in_count", "password_salt", "reset_password_token", "remember_token", "current_sign_in_ip", "confirmation_token", "remember_created_at", "current_sign_in_at", "email", "confirmed_at") VALUES('ab592d0936e0304dd01c1ade2d8ff49110a10f83', '2010-07-15 23:36:12', '2010-07-15 23:36:12', NULL, '2010-07-15 23:36:12', NULL, 0, 'HVzv1TXHjwOhE2PaoV51', NULL, NULL, NULL, 'LledQtUkw4mh-w8VX8qd', NULL, NULL, 'testing@man.net', NULL)[0m
Sent mail to testing@man.net

Date: Thu, 15 Jul 2010 16:36:12 -0700
From: please-change-me@config-initializers-devise.com
To: testing@man.net
Subject: Confirmation instructions
Mime-Version: 1.0
Content-Type: text/html; charset=utf-8

<p>Welcome testing@man.net!</p>

<p>You can confirm your account through the link below:</p>

<p><a href="http://test.host/users/confirmation?confirmation_token=LledQtUkw4mh-w8VX8qd">Confirm my account</a></p>
  [4;35;1mUser Update (0.4ms)[0m   [0mUPDATE "users" SET "updated_at" = '2010-07-15 23:36:12', "confirmed_at" = '2010-07-15 23:36:12', "confirmation_token" = NULL WHERE "id" = 1[0m


Processing SessionsController#new (for 127.0.0.1 at 2010-07-15 16:36:12) [GET]
Rendering sessions/new
Rendered shared/_devise_links (3.3ms)
Completed in 14ms (View: 13, DB: 1) | 200 OK [http://www.example.com/users/sign_in]


Processing SessionsController#create (for 127.0.0.1 at 2010-07-15 16:36:12) [POST]
  Parameters: {"commit"=>"Sign in", "user"=>{"remember_me"=>"0", "password"=>"secretpass", "email"=>"testing@man.net"}}
  [4;36;1mUser Load (1.4ms)[0m   [0;1mSELECT * FROM "users" WHERE ("users"."email" = 'testing@man.net') LIMIT 1[0m
  [4;35;1mUser Update (0.4ms)[0m   [0mUPDATE "users" SET "updated_at" = '2010-07-15 23:36:12', "sign_in_count" = 1, "current_sign_in_at" = '2010-07-15 23:36:12', "current_sign_in_ip" = '127.0.0.1', "last_sign_in_at" = '2010-07-15 23:36:12', "last_sign_in_ip" = '127.0.0.1' WHERE "id" = 1[0m
Redirected to http://www.example.com/users
Completed in 18ms (DB: 2) | 302 Found [http://www.example.com/users/sign_in]


Processing BeersController#index (for 127.0.0.1 at 2010-07-15 16:36:12) [GET]
  [4;36;1mBeer Load (0.2ms)[0m   [0;1mSELECT * FROM "beers" [0m
Rendering template within layouts/beers
Rendering beers/index
Completed in 5ms (View: 3, DB: 0) | 200 OK [http://www.example.com/users]


Processing SessionsController#destroy (for 127.0.0.1 at 2010-07-15 16:36:12) [GET]
Redirected to http://www.example.com/
Completed in 2ms (DB: 0) | 302 Found [http://www.example.com/users/sign_out]


Processing BeersController#index (for 127.0.0.1 at 2010-07-15 16:36:12) [GET]
  [4;35;1mBeer Load (0.4ms)[0m   [0mSELECT * FROM "beers" [0m
Rendering template within layouts/beers
Rendering beers/index
Completed in 5ms (View: 2, DB: 0) | 200 OK [http://www.example.com/]


Processing RegistrationsController#new (for 127.0.0.1 at 2010-07-15 16:36:12) [GET]
Rendering registrations/new
Rendered shared/_devise_links (2.5ms)
Completed in 128ms (View: 122, DB: 0) | 200 OK [http://www.example.com/users/sign_up]


Processing RegistrationsController#create (for 127.0.0.1 at 2010-07-15 16:36:12) [POST]
  Parameters: {"commit"=>"Sign up", "user"=>{"password_confirmation"=>"password", "password"=>"password", "email"=>"joe@example.com"}}
  [4;36;1mUser Load (0.4ms)[0m   [0;1mSELECT "users".id FROM "users" WHERE ("users"."email" = 'joe@example.com') LIMIT 1[0m
  [4;35;1mUser Create (0.5ms)[0m   [0mINSERT INTO "users" ("encrypted_password", "created_at", "confirmation_sent_at", "last_sign_in_ip", "updated_at", "last_sign_in_at", "sign_in_count", "password_salt", "reset_password_token", "remember_token", "current_sign_in_ip", "confirmation_token", "remember_created_at", "current_sign_in_at", "email", "confirmed_at") VALUES('68073d7a89098c93dbe74022d87d1b8a89a6d174', '2010-07-15 23:36:12', '2010-07-15 23:36:12', NULL, '2010-07-15 23:36:12', NULL, 0, 'pKQbobHwM_XM9pkfYOLd', NULL, NULL, NULL, 'Y57lJ9lT6zCACriNQHmb', NULL, NULL, 'joe@example.com', NULL)[0m
Sent mail to joe@example.com

Date: Thu, 15 Jul 2010 16:36:12 -0700
From: please-change-me@config-initializers-devise.com
To: joe@example.com
Subject: Confirmation instructions
Mime-Version: 1.0
Content-Type: text/html; charset=utf-8

<p>Welcome joe@example.com!</p>

<p>You can confirm your account through the link below:</p>

<p><a href="http://test.host/users/confirmation?confirmation_token=Y57lJ9lT6zCACriNQHmb">Confirm my account</a></p>


Processing SessionsController#new (for 127.0.0.1 at 2010-07-15 16:36:12) [GET]
  Parameters: {"unconfirmed"=>"true"}
Rendering sessions/new
Rendered shared/_devise_links (1.4ms)
Completed in 10ms (View: 8, DB: 1) | 200 OK [http://www.example.com/users/sign_in?unconfirmed=true]


Processing SessionsController#destroy (for 127.0.0.1 at 2010-07-15 16:36:29) [GET]
Redirected to http://www.example.com/
Completed in 11ms (DB: 0) | 302 Found [http://www.example.com/users/sign_out]


Processing BeersController#index (for 127.0.0.1 at 2010-07-15 16:36:29) [GET]
  [4;36;1mBeer Load (0.6ms)[0m   [0;1mSELECT * FROM "beers" [0m
Rendering template within layouts/beers
Rendering beers/index
Completed in 12ms (View: 6, DB: 1) | 200 OK [http://www.example.com/]
WARNING: Can't mass-assign these protected attributes: login
  [4;35;1mUser Load (0.3ms)[0m   [0mSELECT "users".id FROM "users" WHERE ("users"."email" = 'testing@man.net') LIMIT 1[0m
  [4;36;1mUser Create (0.6ms)[0m   [0;1mINSERT INTO "users" ("encrypted_password", "created_at", "confirmation_sent_at", "last_sign_in_ip", "updated_at", "last_sign_in_at", "sign_in_count", "password_salt", "reset_password_token", "remember_token", "current_sign_in_ip", "confirmation_token", "remember_created_at", "current_sign_in_at", "email", "confirmed_at") VALUES('21f853554c777b98d17c4c86f5b3a140d919a680', '2010-07-15 23:36:29', '2010-07-15 23:36:29', NULL, '2010-07-15 23:36:29', NULL, 0, 'dQbGfJpV9a_ijTjyLw_r', NULL, NULL, NULL, 'I3LQaquR7oBcO0gHraHs', NULL, NULL, 'testing@man.net', NULL)[0m
Sent mail to testing@man.net

Date: Thu, 15 Jul 2010 16:36:29 -0700
From: please-change-me@config-initializers-devise.com
To: testing@man.net
Subject: Confirmation instructions
Mime-Version: 1.0
Content-Type: text/html; charset=utf-8

<p>Welcome testing@man.net!</p>

<p>You can confirm your account through the link below:</p>

<p><a href="http://test.host/users/confirmation?confirmation_token=I3LQaquR7oBcO0gHraHs">Confirm my account</a></p>
  [4;35;1mUser Update (0.7ms)[0m   [0mUPDATE "users" SET "updated_at" = '2010-07-15 23:36:29', "confirmed_at" = '2010-07-15 23:36:29', "confirmation_token" = NULL WHERE "id" = 1[0m


Processing SessionsController#new (for 127.0.0.1 at 2010-07-15 16:36:29) [GET]
Rendering sessions/new
Rendered shared/_devise_links (3.4ms)
Completed in 14ms (View: 12, DB: 2) | 200 OK [http://www.example.com/users/sign_in]


Processing SessionsController#create (for 127.0.0.1 at 2010-07-15 16:36:29) [POST]
  Parameters: {"commit"=>"Sign in", "user"=>{"remember_me"=>"0", "password"=>"secretpass", "email"=>"testing@man.net"}}
  [4;36;1mUser Load (1.0ms)[0m   [0;1mSELECT * FROM "users" WHERE ("users"."email" = 'testing@man.net') LIMIT 1[0m
  [4;35;1mUser Update (0.4ms)[0m   [0mUPDATE "users" SET "updated_at" = '2010-07-15 23:36:29', "sign_in_count" = 1, "current_sign_in_at" = '2010-07-15 23:36:29', "current_sign_in_ip" = '127.0.0.1', "last_sign_in_at" = '2010-07-15 23:36:29', "last_sign_in_ip" = '127.0.0.1' WHERE "id" = 1[0m
Redirected to http://www.example.com/users
Completed in 20ms (DB: 1) | 302 Found [http://www.example.com/users/sign_in]


Processing BeersController#index (for 127.0.0.1 at 2010-07-15 16:36:29) [GET]
  [4;36;1mBeer Load (0.5ms)[0m   [0;1mSELECT * FROM "beers" [0m
Rendering template within layouts/beers
Rendering beers/index
Completed in 5ms (View: 2, DB: 0) | 200 OK [http://www.example.com/users]


Processing SessionsController#destroy (for 127.0.0.1 at 2010-07-15 16:36:29) [GET]
Redirected to http://www.example.com/
Completed in 2ms (DB: 0) | 302 Found [http://www.example.com/users/sign_out]


Processing BeersController#index (for 127.0.0.1 at 2010-07-15 16:36:29) [GET]
  [4;35;1mBeer Load (0.3ms)[0m   [0mSELECT * FROM "beers" [0m
Rendering template within layouts/beers
Rendering beers/index
Completed in 5ms (View: 3, DB: 0) | 200 OK [http://www.example.com/]


Processing RegistrationsController#new (for 127.0.0.1 at 2010-07-15 16:36:29) [GET]
Rendering registrations/new
Rendered shared/_devise_links (2.1ms)
Completed in 140ms (View: 134, DB: 0) | 200 OK [http://www.example.com/users/sign_up]


Processing RegistrationsController#create (for 127.0.0.1 at 2010-07-15 16:36:29) [POST]
  Parameters: {"commit"=>"Sign up", "user"=>{"password_confirmation"=>"password", "password"=>"password", "email"=>"joe@example.com"}}
  [4;36;1mUser Load (0.3ms)[0m   [0;1mSELECT "users".id FROM "users" WHERE ("users"."email" = 'joe@example.com') LIMIT 1[0m
  [4;35;1mUser Create (0.6ms)[0m   [0mINSERT INTO "users" ("encrypted_password", "created_at", "confirmation_sent_at", "last_sign_in_ip", "updated_at", "last_sign_in_at", "sign_in_count", "password_salt", "reset_password_token", "remember_token", "current_sign_in_ip", "confirmation_token", "remember_created_at", "current_sign_in_at", "email", "confirmed_at") VALUES('6e5ddde49e8feaa5dc9cef6b575504348b7e7e77', '2010-07-15 23:36:29', '2010-07-15 23:36:29', NULL, '2010-07-15 23:36:29', NULL, 0, '3GvylGNtKs5P5fjjbI63', NULL, NULL, NULL, 'Oh6flgp-sN3KfucC8p5P', NULL, NULL, 'joe@example.com', NULL)[0m
Sent mail to joe@example.com

Date: Thu, 15 Jul 2010 16:36:29 -0700
From: please-change-me@config-initializers-devise.com
To: joe@example.com
Subject: Confirmation instructions
Mime-Version: 1.0
Content-Type: text/html; charset=utf-8

<p>Welcome joe@example.com!</p>

<p>You can confirm your account through the link below:</p>

<p><a href="http://test.host/users/confirmation?confirmation_token=Oh6flgp-sN3KfucC8p5P">Confirm my account</a></p>


Processing SessionsController#new (for 127.0.0.1 at 2010-07-15 16:36:29) [GET]
  Parameters: {"unconfirmed"=>"true"}
Rendering sessions/new
Rendered shared/_devise_links (2.0ms)
Completed in 14ms (View: 11, DB: 1) | 200 OK [http://www.example.com/users/sign_in?unconfirmed=true]


Processing SessionsController#destroy (for 127.0.0.1 at 2010-07-15 17:29:34) [GET]
Redirected to http://www.example.com/
Completed in 12ms (DB: 0) | 302 Found [http://www.example.com/users/sign_out]


Processing BeersController#index (for 127.0.0.1 at 2010-07-15 17:29:34) [GET]
  [4;36;1mBeer Load (0.7ms)[0m   [0;1mSELECT * FROM "beers" [0m
Rendering template within layouts/beers
Rendering beers/index
Completed in 14ms (View: 6, DB: 1) | 200 OK [http://www.example.com/]
WARNING: Can't mass-assign these protected attributes: login
  [4;35;1mUser Load (0.3ms)[0m   [0mSELECT "users".id FROM "users" WHERE ("users"."email" = 'testing@man.net') LIMIT 1[0m
  [4;36;1mUser Create (0.6ms)[0m   [0;1mINSERT INTO "users" ("encrypted_password", "created_at", "confirmation_sent_at", "last_sign_in_ip", "updated_at", "last_sign_in_at", "sign_in_count", "password_salt", "reset_password_token", "remember_token", "current_sign_in_ip", "confirmation_token", "remember_created_at", "current_sign_in_at", "email", "confirmed_at") VALUES('aacdfae8b543419bdf78b5136a5d1fdd3807ebe8', '2010-07-16 00:29:34', '2010-07-16 00:29:34', NULL, '2010-07-16 00:29:34', NULL, 0, 'RDuA_LDWBdTRlryeSe_B', NULL, NULL, NULL, 'hVAV8GUd19JArkqdXNMs', NULL, NULL, 'testing@man.net', NULL)[0m
Sent mail to testing@man.net

Date: Thu, 15 Jul 2010 17:29:34 -0700
From: please-change-me@config-initializers-devise.com
To: testing@man.net
Subject: Confirmation instructions
Mime-Version: 1.0
Content-Type: text/html; charset=utf-8

<p>Welcome testing@man.net!</p>

<p>You can confirm your account through the link below:</p>

<p><a href="http://test.host/users/confirmation?confirmation_token=hVAV8GUd19JArkqdXNMs">Confirm my account</a></p>
  [4;35;1mUser Update (0.7ms)[0m   [0mUPDATE "users" SET "updated_at" = '2010-07-16 00:29:34', "confirmed_at" = '2010-07-16 00:29:34', "confirmation_token" = NULL WHERE "id" = 1[0m


Processing SessionsController#new (for 127.0.0.1 at 2010-07-15 17:29:34) [GET]
Rendering sessions/new
Rendered shared/_devise_links (4.5ms)
Completed in 21ms (View: 18, DB: 2) | 200 OK [http://www.example.com/users/sign_in]


Processing SessionsController#create (for 127.0.0.1 at 2010-07-15 17:29:34) [POST]
  Parameters: {"commit"=>"Sign in", "user"=>{"remember_me"=>"0", "password"=>"secretpass", "email"=>"testing@man.net"}}
  [4;36;1mUser Load (0.8ms)[0m   [0;1mSELECT * FROM "users" WHERE ("users"."email" = 'testing@man.net') LIMIT 1[0m
  [4;35;1mUser Update (0.4ms)[0m   [0mUPDATE "users" SET "updated_at" = '2010-07-16 00:29:34', "sign_in_count" = 1, "current_sign_in_at" = '2010-07-16 00:29:34', "current_sign_in_ip" = '127.0.0.1', "last_sign_in_at" = '2010-07-16 00:29:34', "last_sign_in_ip" = '127.0.0.1' WHERE "id" = 1[0m
Redirected to http://www.example.com/users
Completed in 21ms (DB: 1) | 302 Found [http://www.example.com/users/sign_in]


Processing BeersController#index (for 127.0.0.1 at 2010-07-15 17:29:34) [GET]
  [4;36;1mBeer Load (0.3ms)[0m   [0;1mSELECT * FROM "beers" [0m
Rendering template within layouts/beers
Rendering beers/index
Completed in 4ms (View: 2, DB: 0) | 200 OK [http://www.example.com/users]


Processing SessionsController#destroy (for 127.0.0.1 at 2010-07-15 17:29:34) [GET]
Redirected to http://www.example.com/
Completed in 1ms (DB: 0) | 302 Found [http://www.example.com/users/sign_out]


Processing BeersController#index (for 127.0.0.1 at 2010-07-15 17:29:34) [GET]
  [4;35;1mBeer Load (0.3ms)[0m   [0mSELECT * FROM "beers" [0m
Rendering template within layouts/beers
Rendering beers/index
Completed in 10ms (View: 3, DB: 0) | 200 OK [http://www.example.com/]


Processing RegistrationsController#new (for 127.0.0.1 at 2010-07-15 17:29:34) [GET]
Rendering registrations/new
Rendered shared/_devise_links (1.7ms)
Completed in 116ms (View: 11, DB: 0) | 200 OK [http://www.example.com/users/sign_up]


Processing RegistrationsController#create (for 127.0.0.1 at 2010-07-15 17:29:34) [POST]
  Parameters: {"commit"=>"Sign up", "user"=>{"password_confirmation"=>"password", "password"=>"password", "email"=>"joe@example.com"}}
  [4;36;1mUser Load (0.3ms)[0m   [0;1mSELECT "users".id FROM "users" WHERE ("users"."email" = 'joe@example.com') LIMIT 1[0m
  [4;35;1mUser Create (0.5ms)[0m   [0mINSERT INTO "users" ("encrypted_password", "created_at", "confirmation_sent_at", "last_sign_in_ip", "updated_at", "last_sign_in_at", "sign_in_count", "password_salt", "reset_password_token", "remember_token", "current_sign_in_ip", "confirmation_token", "remember_created_at", "current_sign_in_at", "email", "confirmed_at") VALUES('acc04fd9cd69d768e7873357f2fe59676387f266', '2010-07-16 00:29:34', '2010-07-16 00:29:34', NULL, '2010-07-16 00:29:34', NULL, 0, 'tgrWGIxDKhuKjf6sstGR', NULL, NULL, NULL, 'k88WBOlin0laZuemK0RE', NULL, NULL, 'joe@example.com', NULL)[0m
Sent mail to joe@example.com

Date: Thu, 15 Jul 2010 17:29:34 -0700
From: please-change-me@config-initializers-devise.com
To: joe@example.com
Subject: Confirmation instructions
Mime-Version: 1.0
Content-Type: text/html; charset=utf-8

<p>Welcome joe@example.com!</p>

<p>You can confirm your account through the link below:</p>

<p><a href="http://test.host/users/confirmation?confirmation_token=k88WBOlin0laZuemK0RE">Confirm my account</a></p>


Processing SessionsController#new (for 127.0.0.1 at 2010-07-15 17:29:34) [GET]
  Parameters: {"unconfirmed"=>"true"}
Rendering sessions/new
Rendered shared/_devise_links (1.4ms)
Completed in 10ms (View: 8, DB: 1) | 200 OK [http://www.example.com/users/sign_in?unconfirmed=true]
